## SLURM PROLOG ###############################################################
##    Job ID : 3853964
##  Job Name : all_phage_TUD
##  Nodelist : node258
##      CPUs : 1
##  Mem/Node : 32768 MB
## Directory : /gpfs/home/bsiranos/projects/tango/src
##   Started : Sat Apr 26 20:14:25 EDT 2014
###############################################################################
working with 244(E)
working with ABCat(E)
working with Abdiel(A4)
working with Abrogate(A1)
working with ABU(B1)
working with Acadian(B5)
working with Achebe(A4)
working with Adephagia(K1)
working with Adjutor(D1)
working with Adzzy(A2)
working with Aeneas(A1)
working with Aglet(A3)
working with Airmid(A5)
working with Akoma(B3)
working with Alice(C1)
working with Alma(A9)
working with Alsfro(A1)
working with Altwerkus(B1)
working with Amelie(K1)
working with Anaya(K1)
working with Angel(G)
working with Angelica(K1)
working with Anglerfish(A1)
working with AnnaL29(A1)
working with Annihilator(G)
working with Apizium(B1)
working with Aragog(A5)
working with Arbiter(B2)
working with Arcanine(A1)
working with ArcherS7(C1)
working with Archetta(A5)
working with Archie(L2)
working with Ardmore(F1)
working with Ares(B2)
working with Ariel(J)
working with Artemis2UCLA(A6)
working with Arturo(A4)
working with Astraea(C1)
working with Astro(A8)
working with Athena(B3)
working with Audrey(B3)
working with Ava3(C1)
working with Avani(F2)
working with Avrafan(G)
working with Babsiella(I1)
working with BabyRatchet(A3)
working with Bachome(A11)
working with Backyardigan(A4)
working with Badfish(B1)
working with BAKA(J)
working with Bangla1971(C1)
working with Banjo(B1)
working with Barnyard(H2)
working with BarrelRoll(K1)
working with Bask21(E)
working with Batiatus(F1)
working with BeanWater(C1)
working with BeesKnees(A1)
working with BEEST(K1)
working with BellusTerra(A4)
working with Benedict(A5)
working with Bernal13(T)
working with Bernardo(B3)
working with Bethlehem(A1)
working with BigMama(D1)
working with BigNuz(P)
working with BillKnuckles(A1)
working with Bipolar(F1)
working with BlackStallion(B1)
working with Blue7(A6)
working with Bob3(A1)
working with Bobi(F1)
working with Bongo(M1)
working with Boomer(F1)
working with BPBiebs31(A1)
working with BPs(G)
working with BQuat(G)
working with Breeniome(C1)
working with Breezona(L2)
working with Brocalys(F1)
working with Broseidon(A4)
working with Browncna(B4)
working with BruceB(G)
working with Bruin(E)
working with Bruiser(A4)
working with Brujita(I1)
working with Bruns(A1)
working with Bubbles123(F1)
working with BubbleTrouble(A4)
working with Bugsy(A2)
working with Bunnies(P)
working with Burger(A4)
working with Butters(N)
working with Butterscotch(D1)
working with BuzzLyseyear(F1)
working with Bxb1(A1)
working with Bxz1(C1)
working with Bxz2(A3)
